{"logTime": "1024/020826", "correlationVector":"rP6jaBbR5Ky1t8scdTdYhk.1","action":"SyncServerConnectionManagerRequest", "result":"SYNC_SERVER_OK", "context":{"environment":"Prod_southeastasia_prod-s01-065-apac-southeastasia", "migrationStage":"NotStarted", "server":"akswtt10500000h"}}
{"logTime": "1024/020826", "correlationVector":"rP6jaBbR5Ky1t8scdTdYhk.2","action":"ProcessGetUpdates", "result":"Done", "context":{"dataType":"Encryption Keys", "deleted":"0", "process_failed_to_decrypt":"0", "process_pending_decryption":"0", "process_success":"1", "total":"1"}}
{"logTime": "1024/020826", "correlationVector":"GYfI/GGM6tAzpfu7LYFdNP","action":"SyncServerConnectionManagerRequest", "result":"SYNC_SERVER_OK", "context":{"environment":"", "migrationStage":"", "server":""}}
{"logTime": "1024/020826", "correlationVector":"GYfI/GGM6tAzpfu7LYFdNP.0","action":"EncryptionKeysFetcher.DownloadKeys:", "result":"Success", "context":Key count: 6, Last key timestamp: 2025-05-01T02:07:42Z}
{"logTime": "1024/020826", "correlationVector":"GYfI/GGM6tAzpfu7LYFdNP.1","action":"EncryptionKeysManager::SetEncryptionKeys:", "result":"Success", "context":Key names[6]:[E3ZW38v09Nf09b5Fx/HxHJ27CG4ml0aGhC+j9BdvBm4F262CG62RNwm3W8RJJk59X20ZnHUtZsLbDLz3ptspIQ==][ozaC0gCg8JV+afMiPYr8ZuBbGYPecAlcRw82MxIz7THgPO+eZdKjSis/yYrAr7qTCVCWSpoK9aBfSWOPEqJFTg==][dsnA/Kncz6vvITjMWo4f2iuDU9AUjk76IqU4g+/qfBlEzBXL0twTd3FjjLDUBAhNdmKhdoEJ++opDRv+cxyVdw==][omPt+vvrFhwKBuElx2h8fhY1UiqoTm3YIrA1JB+LsH6ZTsRp8+9q7dnnYuA/Ncq/1k+DlLwsENc4yllgVCQnXQ==][Jdm+2Ozh8mzF4FM1beRp+ZiBgS7mHS4fmwMc3vYZqW0o62B+VoDbYJVfRHXQNyHln3P7GltPe+NU2nmiulRHTQ==][icfJKFmf6ZTO1+AUviVEYVJwAd1ME0vGmqRaQyBGuAfsNcSiUIsDauR1Mm+1HvHCIul5GIGWBDbTwsQdfH21Pg==]}
{"logTime": "1024/020826", "correlationVector":"GYfI/GGM6tAzpfu7LYFdNP.2","action":"EncryptionKeysManager::SetEncryptionKeysWithTimestamps:", "result":"Success", "context":Key timestamps[6]:[2022-11-06T10:46:26Z][2023-05-06T12:51:32Z][2023-11-03T13:30:07Z][2024-05-02T15:02:56Z][2024-11-01T14:35:40Z][2025-05-01T02:07:42Z]}
{"logTime": "1024/020826", "correlationVector":"rP6jaBbR5Ky1t8scdTdYhk","action":"Initial GetUpdates", "result":"", "context":Reason: NEW_CLIENT. cV=rP6jaBbR5Ky1t8scdTdYhk}
{"logTime": "1024/020826", "correlationVector":"rP6jaBbR5Ky1t8scdTdYhk.3","action":"GetUpdates Response", "result":"Success", "context":Received 1 update(s). cV=rP6jaBbR5Ky1t8scdTdYhk.0;server=akswtt10500000h;cloudType=Consumer;environment=Prod_southeastasia_prod-s01-065-apac-southeastasia;migrationStage=NotStarted}
{"logTime": "1024/020826", "correlationVector":"5E+bX9PJcFgRBuGgupjZ7a","action":"Initial GetUpdates", "result":"", "context":Reason: NEWLY_SUPPORTED_DATATYPE. cV=5E+bX9PJcFgRBuGgupjZ7a}
{"logTime": "1024/020827", "correlationVector":"5E+bX9PJcFgRBuGgupjZ7a.1","action":"SyncServerConnectionManagerRequest", "result":"SYNC_SERVER_OK", "context":{"environment":"Prod_southeastasia_prod-s01-065-apac-southeastasia", "migrationStage":"NotStarted", "server":"akswtt10500000h"}}
{"logTime": "1024/020827", "correlationVector":"5E+bX9PJcFgRBuGgupjZ7a.2","action":"ProcessGetUpdates", "result":"Done", "context":{"dataType":"Preferences", "deleted":"0", "process_failed_to_decrypt":"0", "process_pending_decryption":"0", "process_success":"93", "total":"93"}}
{"logTime": "1024/020827", "correlationVector":"5E+bX9PJcFgRBuGgupjZ7a.3","action":"ProcessGetUpdates", "result":"Done", "context":{"dataType":"Passwords", "deleted":"4", "process_failed_to_decrypt":"0", "process_pending_decryption":"0", "process_success":"153", "total":"153"}}
{"logTime": "1024/020827", "correlationVector":"5E+bX9PJcFgRBuGgupjZ7a.4","action":"ProcessGetUpdates", "result":"Done", "context":{"dataType":"Device Info", "deleted":"0", "process_failed_to_decrypt":"0", "process_pending_decryption":"0", "process_success":"4", "total":"4"}}
{"logTime": "1024/020827", "correlationVector":"5E+bX9PJcFgRBuGgupjZ7a.5","action":"GetUpdates Response", "result":"Success", "context":Received 250 update(s). cV=5E+bX9PJcFgRBuGgupjZ7a.0;server=akswtt10500000h;cloudType=Consumer;environment=Prod_southeastasia_prod-s01-065-apac-southeastasia;migrationStage=NotStarted Some updates remain.}
{"logTime": "1024/020827", "correlationVector":"bvUdGqnqRrRjMneQ0Uy0Qi","action":"Initial GetUpdates", "result":"", "context":Reason: NEWLY_SUPPORTED_DATATYPE. cV=bvUdGqnqRrRjMneQ0Uy0Qi}
{"logTime": "1024/020827", "correlationVector":"bvUdGqnqRrRjMneQ0Uy0Qi.1","action":"SyncServerConnectionManagerRequest", "result":"SYNC_SERVER_OK", "context":{"environment":"Prod_southeastasia_prod-s01-065-apac-southeastasia", "migrationStage":"NotStarted", "server":"akswtt10500000h"}}
{"logTime": "1024/020827", "correlationVector":"bvUdGqnqRrRjMneQ0Uy0Qi.2","action":"ProcessGetUpdates", "result":"Done", "context":{"dataType":"Preferences", "deleted":"0", "process_failed_to_decrypt":"0", "process_pending_decryption":"0", "process_success":"1", "total":"1"}}
{"logTime": "1024/020827", "correlationVector":"bvUdGqnqRrRjMneQ0Uy0Qi.3","action":"ProcessGetUpdates", "result":"Done", "context":{"dataType":"Device Info", "deleted":"0", "process_failed_to_decrypt":"0", "process_pending_decryption":"0", "process_success":"1", "total":"1"}}
{"logTime": "1024/020827", "correlationVector":"bvUdGqnqRrRjMneQ0Uy0Qi.4","action":"GetUpdates Response", "result":"Success", "context":Received 2 update(s). cV=bvUdGqnqRrRjMneQ0Uy0Qi.0;server=akswtt10500000h;cloudType=Consumer;environment=Prod_southeastasia_prod-s01-065-apac-southeastasia;migrationStage=NotStarted}
{"logTime": "1024/020828", "correlationVector":"F7ulnI6uhZkjZAmwAFhUwg","action":"Initial GetUpdates", "result":"", "context":Reason: NEWLY_SUPPORTED_DATATYPE. cV=F7ulnI6uhZkjZAmwAFhUwg}
{"logTime": "1024/020828", "correlationVector":"F7ulnI6uhZkjZAmwAFhUwg.1","action":"SyncServerConnectionManagerRequest", "result":"SYNC_SERVER_OK", "context":{"environment":"Prod_southeastasia_prod-s01-065-apac-southeastasia", "migrationStage":"NotStarted", "server":"akswtt105000000"}}
{"logTime": "1024/020828", "correlationVector":"F7ulnI6uhZkjZAmwAFhUwg.2","action":"ProcessGetUpdates", "result":"Done", "context":{"dataType":"Bookmarks", "deleted":"0", "process_failed_to_decrypt":"0", "process_pending_decryption":"0", "process_success":"7", "total":"7"}}
{"logTime": "1024/020828", "correlationVector":"F7ulnI6uhZkjZAmwAFhUwg.3","action":"GetUpdates Response", "result":"Success", "context":Received 7 update(s). cV=F7ulnI6uhZkjZAmwAFhUwg.0;server=akswtt105000000;cloudType=Consumer;environment=Prod_southeastasia_prod-s01-065-apac-southeastasia;migrationStage=NotStarted}
{"logTime": "1024/020828", "correlationVector":"zYzTFKjtOeQOw6YUlSckr+","action":"Initial GetUpdates", "result":"", "context":Reason: NEWLY_SUPPORTED_DATATYPE. cV=zYzTFKjtOeQOw6YUlSckr+}
{"logTime": "1024/020829", "correlationVector":"zYzTFKjtOeQOw6YUlSckr+.1","action":"SyncServerConnectionManagerRequest", "result":"SYNC_SERVER_OK", "context":{"environment":"Prod_southeastasia_prod-s01-065-apac-southeastasia", "migrationStage":"NotStarted", "server":"akswtt10500000s"}}
{"logTime": "1024/020829", "correlationVector":"zYzTFKjtOeQOw6YUlSckr+.2","action":"ProcessGetUpdates", "result":"Done", "context":{"dataType":"Autofill Profiles", "deleted":"4", "process_failed_to_decrypt":"0", "process_pending_decryption":"0", "process_success":"4", "total":"4"}}
{"logTime": "1024/020829", "correlationVector":"zYzTFKjtOeQOw6YUlSckr+.3","action":"ProcessGetUpdates", "result":"Done", "context":{"dataType":"Autofill", "deleted":"0", "process_failed_to_decrypt":"0", "process_pending_decryption":"0", "process_success":"91", "total":"91"}}
{"logTime": "1024/020829", "correlationVector":"zYzTFKjtOeQOw6YUlSckr+.4","action":"ProcessGetUpdates", "result":"Done", "context":{"dataType":"Sessions", "deleted":"48", "process_failed_to_decrypt":"0", "process_pending_decryption":"0", "process_success":"52", "total":"52"}}
{"logTime": "1024/020829", "correlationVector":"zYzTFKjtOeQOw6YUlSckr+.5","action":"ProcessGetUpdates", "result":"Done", "context":{"dataType":"History Delete Directives", "deleted":"0", "process_failed_to_decrypt":"0", "process_pending_decryption":"0", "process_success":"14", "total":"14"}}
{"logTime": "1024/020829", "correlationVector":"zYzTFKjtOeQOw6YUlSckr+.6","action":"ProcessGetUpdates", "result":"Done", "context":{"dataType":"Edge Hub App Usage", "deleted":"1", "process_failed_to_decrypt":"0", "process_pending_decryption":"0", "process_success":"4", "total":"4"}}
{"logTime": "1024/020829", "correlationVector":"zYzTFKjtOeQOw6YUlSckr+.7","action":"GetUpdates Response", "result":"Success", "context":Received 165 update(s). cV=zYzTFKjtOeQOw6YUlSckr+.0;server=akswtt10500000s;cloudType=Consumer;environment=Prod_southeastasia_prod-s01-065-apac-southeastasia;migrationStage=NotStarted}
{"logTime": "1024/020829", "correlationVector":"PqFNR2GJsdY41RQl2evL4G","action":"Initial GetUpdates", "result":"", "context":Reason: NEWLY_SUPPORTED_DATATYPE. cV=PqFNR2GJsdY41RQl2evL4G}
{"logTime": "1024/020830", "correlationVector":"PqFNR2GJsdY41RQl2evL4G.1","action":"SyncServerConnectionManagerRequest", "result":"SYNC_SERVER_OK", "context":{"environment":"Prod_southeastasia_prod-s01-065-apac-southeastasia", "migrationStage":"NotStarted", "server":"akswtt105000003"}}
{"logTime": "1024/020830", "correlationVector":"PqFNR2GJsdY41RQl2evL4G.2","action":"ProcessGetUpdates", "result":"Done", "context":{"dataType":"History", "deleted":"18", "process_failed_to_decrypt":"0", "process_pending_decryption":"0", "process_success":"222", "total":"222"}}
{"logTime": "1024/020830", "correlationVector":"PqFNR2GJsdY41RQl2evL4G.3","action":"GetUpdates Response", "result":"Success", "context":Received 222 update(s). cV=PqFNR2GJsdY41RQl2evL4G.0;server=akswtt105000003;cloudType=Consumer;environment=Prod_southeastasia_prod-s01-065-apac-southeastasia;migrationStage=NotStarted}
{"logTime": "1024/020830", "correlationVector":"FIUm5lCezcRgT1QngJmfZ9","action":"Normal GetUpdate request", "result":"", "context":cV=FIUm5lCezcRgT1QngJmfZ9
Nudged types: Sessions, Device Info, User Consents
Refresh requested types: Bookmarks, Preferences, Passwords, Autofill Profiles, Autofill, Extensions, Sessions, Extension settings, History Delete Directives, Device Info, User Consents, Send Tab To Self, Web Apps, History, Saved Tab Group, WebAuthn Credentials, Collection, Edge E Drop, Edge Hub App Usage, Edge Wallet, Encryption Keys}
{"logTime": "1024/020832", "correlationVector":"FIUm5lCezcRgT1QngJmfZ9.1","action":"SyncServerConnectionManagerRequest", "result":"SYNC_SERVER_OK", "context":{"environment":"Prod_southeastasia_prod-s01-065-apac-southeastasia", "migrationStage":"NotStarted", "server":"akswtt105000006"}}
{"logTime": "1024/020832", "correlationVector":"FIUm5lCezcRgT1QngJmfZ9.2","action":"GetUpdates Response", "result":"Success", "context":Received 0 update(s). cV=FIUm5lCezcRgT1QngJmfZ9.0;server=akswtt105000006;cloudType=Consumer;environment=Prod_southeastasia_prod-s01-065-apac-southeastasia;migrationStage=NotStarted}
{"logTime": "1024/020832", "correlationVector":"VFF6dYgur0XwYffP2wXvqZ","action":"DoCompareDataConsistency requsted types: ", "result":"Bookmarks, Preferences, Passwords, Extensions, Extension settings, History Delete Directives, Send Tab To Self, Web Apps, History, Saved Tab Group, WebAuthn Credentials, Collection, Edge E Drop, Edge Wallet, Encryption Keys"}
{"logTime": "1024/020832", "correlationVector":"VFF6dYgur0XwYffP2wXvqZ.0","action":"CompareDataConsistency result: ", "result":"Compare result: Encryption Keys is consistent. local entities count is: 1 local entities hash is: YNWqqUKkAbxt9CCNR5z5trX/I2U="}
{"logTime": "1024/020832", "correlationVector":"VFF6dYgur0XwYffP2wXvqZ.1","action":"CompareDataConsistency result: ", "result":"Compare result: Bookmarks is consistent. local entities count is: 1 local entities hash is: XYd4QUIAxWN0NPpZ6Amu8erkH38="}
{"logTime": "1024/020832", "correlationVector":"VFF6dYgur0XwYffP2wXvqZ.2","action":"CompareDataConsistency result: ", "result":"Compare result: Preferences is consistent. local entities count is: 94 local entities hash is: iJIFnQPBhpT/e0PCTmlNU9R2dMQ="}
{"logTime": "1024/020832", "correlationVector":"VFF6dYgur0XwYffP2wXvqZ.3","action":"CompareDataConsistency result: ", "result":"Compare result: Extensions is consistent. local entities count is: 0 local entities hash is: "}
{"logTime": "1024/020832", "correlationVector":"VFF6dYgur0XwYffP2wXvqZ.4","action":"CompareDataConsistency result: ", "result":"Compare result: Extension settings is consistent. local entities count is: 0 local entities hash is: "}
{"logTime": "1024/020832", "correlationVector":"VFF6dYgur0XwYffP2wXvqZ.5","action":"CompareDataConsistency result: ", "result":"Compare result: History Delete Directives is inconsistent. server entities count is: 14 server entities hash is: /xHXtSseLL5fVwu1lEmQTg3tsZg= local entities count is: 0 local entities hash is: "}
{"logTime": "1024/020832", "correlationVector":"VFF6dYgur0XwYffP2wXvqZ.6","action":"CompareDataConsistency result: ", "result":"Server did not send this Send Tab To Self local entities count is: 0 local entities hash is: "}
{"logTime": "1024/020832", "correlationVector":"VFF6dYgur0XwYffP2wXvqZ.7","action":"CompareDataConsistency result: ", "result":"Compare result: Web Apps is consistent. local entities count is: 0 local entities hash is: "}
{"logTime": "1024/020832", "correlationVector":"VFF6dYgur0XwYffP2wXvqZ.8","action":"CompareDataConsistency result: ", "result":"Server did not send this History local entities count is: 0 local entities hash is: "}
{"logTime": "1024/020832", "correlationVector":"VFF6dYgur0XwYffP2wXvqZ.9","action":"CompareDataConsistency result: ", "result":"Compare result: Saved Tab Group is consistent. local entities count is: 0 local entities hash is: "}
{"logTime": "1024/020832", "correlationVector":"VFF6dYgur0XwYffP2wXvqZ.10","action":"CompareDataConsistency result: ", "result":"Server did not send this WebAuthn Credentials local entities count is: 0 local entities hash is: "}
{"logTime": "1024/020832", "correlationVector":"VFF6dYgur0XwYffP2wXvqZ.11","action":"CompareDataConsistency result: ", "result":"Compare result: Collection is consistent. local entities count is: 0 local entities hash is: "}
{"logTime": "1024/020832", "correlationVector":"VFF6dYgur0XwYffP2wXvqZ.12","action":"CompareDataConsistency result: ", "result":"Compare result: Edge E Drop is consistent. local entities count is: 0 local entities hash is: "}
{"logTime": "1024/020832", "correlationVector":"VFF6dYgur0XwYffP2wXvqZ.13","action":"CompareDataConsistency result: ", "result":"Compare result: Edge Wallet is consistent. local entities count is: 0 local entities hash is: "}
{"logTime": "1024/020832", "correlationVector":"VFF6dYgur0XwYffP2wXvqZ.14","action":"CompareDataConsistency result: ", "result":"Compare result: Passwords is consistent. local entities count is: 149 local entities hash is: 9rubd2maN0/WKBFJ5Zn2YU/qEYQ="}
{"logTime": "1024/020832", "correlationVector":"ajk3U334saJ+gw6JXUm8pk","action":"Commit Request", "result":"", "context":Item count: 7
Contributing types: Sessions, Device Info, User Consents, Edge Hub App Usage}
{"logTime": "1024/020833", "correlationVector":"ajk3U334saJ+gw6JXUm8pk.1","action":"SyncServerConnectionManagerRequest", "result":"SYNC_SERVER_OK", "context":{"environment":"Prod_southeastasia_prod-s01-065-apac-southeastasia", "migrationStage":"NotStarted", "server":"akswtt10500000m"}}
{"logTime": "1024/020833", "correlationVector":"ajk3U334saJ+gw6JXUm8pk.2","action":"Commit Response", "result":"Success", "context":Result: Success. cV=ajk3U334saJ+gw6JXUm8pk.0;server=akswtt10500000m;cloudType=Consumer;environment=Prod_southeastasia_prod-s01-065-apac-southeastasia;migrationStage=NotStarted}
{"logTime": "1024/020833", "correlationVector":"","action":"DIAGNOSTIC_REQUEST|v1/diagnosticData/Diagnostic.SendCheckResult()|SUCCESS", "result":""}
{"logTime": "1024/020922", "correlationVector":"Gbz5Ubayljfo9Mmt7Pmzh0","action":"Commit Request", "result":"", "context":Item count: 40
Contributing types: Passwords}
{"logTime": "1024/020924", "correlationVector":"Gbz5Ubayljfo9Mmt7Pmzh0.1","action":"SyncServerConnectionManagerRequest", "result":"SYNC_SERVER_OK", "context":{"environment":"Prod_southeastasia_prod-s01-065-apac-southeastasia", "migrationStage":"NotStarted", "server":"akswtt105000005"}}
{"logTime": "1024/020924", "correlationVector":"Gbz5Ubayljfo9Mmt7Pmzh0.2","action":"Commit Response", "result":"Success", "context":Result: Success. cV=Gbz5Ubayljfo9Mmt7Pmzh0.0;server=akswtt105000005;cloudType=Consumer;environment=Prod_southeastasia_prod-s01-065-apac-southeastasia;migrationStage=NotStarted}
{"logTime": "1024/020924", "correlationVector":"0ip10Ot6FIvQnrUG44w9Vq","action":"Commit Request", "result":"", "context":Item count: 40
Contributing types: Passwords}
{"logTime": "1024/020925", "correlationVector":"0ip10Ot6FIvQnrUG44w9Vq.1","action":"SyncServerConnectionManagerRequest", "result":"SYNC_SERVER_OK", "context":{"environment":"Prod_southeastasia_prod-s01-065-apac-southeastasia", "migrationStage":"NotStarted", "server":"akswtt10500000b"}}
{"logTime": "1024/020925", "correlationVector":"0ip10Ot6FIvQnrUG44w9Vq.2","action":"Commit Response", "result":"Success", "context":Result: Success. cV=0ip10Ot6FIvQnrUG44w9Vq.0;server=akswtt10500000b;cloudType=Consumer;environment=Prod_southeastasia_prod-s01-065-apac-southeastasia;migrationStage=NotStarted}
{"logTime": "1024/020925", "correlationVector":"7hQtbuPkXAXX07HvN7GwIH","action":"Commit Request", "result":"", "context":Item count: 40
Contributing types: Passwords}
{"logTime": "1024/020927", "correlationVector":"7hQtbuPkXAXX07HvN7GwIH.1","action":"SyncServerConnectionManagerRequest", "result":"SYNC_SERVER_OK", "context":{"environment":"Prod_southeastasia_prod-s01-065-apac-southeastasia", "migrationStage":"NotStarted", "server":"akswtt10500000h"}}
{"logTime": "1024/020927", "correlationVector":"7hQtbuPkXAXX07HvN7GwIH.2","action":"Commit Response", "result":"Success", "context":Result: Success. cV=7hQtbuPkXAXX07HvN7GwIH.0;server=akswtt10500000h;cloudType=Consumer;environment=Prod_southeastasia_prod-s01-065-apac-southeastasia;migrationStage=NotStarted}
{"logTime": "1024/020927", "correlationVector":"tdYmiWqU0McQjOLLJ/8SrY","action":"Commit Request", "result":"", "context":Item count: 14
Contributing types: Passwords, Sessions, History}
{"logTime": "1024/020928", "correlationVector":"tdYmiWqU0McQjOLLJ/8SrY.1","action":"SyncServerConnectionManagerRequest", "result":"SYNC_SERVER_OK", "context":{"environment":"Prod_southeastasia_prod-s01-065-apac-southeastasia", "migrationStage":"NotStarted", "server":"akswtt10500000g"}}
{"logTime": "1024/020928", "correlationVector":"tdYmiWqU0McQjOLLJ/8SrY.2","action":"Commit Response", "result":"Success", "context":Result: Success. cV=tdYmiWqU0McQjOLLJ/8SrY.0;server=akswtt10500000g;cloudType=Consumer;environment=Prod_southeastasia_prod-s01-065-apac-southeastasia;migrationStage=NotStarted}
{"logTime": "1024/021158", "correlationVector":"jbEntwyu9PRdAz5J05tdXY","action":"Commit Request", "result":"", "context":Item count: 1
Contributing types: Sessions}
{"logTime": "1024/021159", "correlationVector":"jbEntwyu9PRdAz5J05tdXY.1","action":"SyncServerConnectionManagerRequest", "result":"SYNC_SERVER_OK", "context":{"environment":"Prod_southeastasia_prod-s01-064-apac-southeastasia", "migrationStage":"NotStarted", "server":"akswtt10500000s"}}
{"logTime": "1024/021159", "correlationVector":"jbEntwyu9PRdAz5J05tdXY.2","action":"Commit Response", "result":"Success", "context":Result: Success. cV=jbEntwyu9PRdAz5J05tdXY.0;server=akswtt10500000s;cloudType=Consumer;environment=Prod_southeastasia_prod-s01-064-apac-southeastasia;migrationStage=NotStarted}
{"logTime": "1024/021410", "correlationVector":"/D2xVMw8rIvbQpHYhJjKmZ","action":"Commit Request", "result":"", "context":Item count: 7
Contributing types: Sessions, History}
{"logTime": "1024/021410", "correlationVector":"/D2xVMw8rIvbQpHYhJjKmZ.1","action":"SyncServerConnectionManagerRequest", "result":"SYNC_SERVER_OK", "context":{"environment":"Prod_southeastasia_prod-s01-065-apac-southeastasia", "migrationStage":"NotStarted", "server":"akswtt105000001"}}
{"logTime": "1024/021410", "correlationVector":"/D2xVMw8rIvbQpHYhJjKmZ.2","action":"Commit Response", "result":"Success", "context":Result: Success. cV=/D2xVMw8rIvbQpHYhJjKmZ.0;server=akswtt105000001;cloudType=Consumer;environment=Prod_southeastasia_prod-s01-065-apac-southeastasia;migrationStage=NotStarted}
{"logTime": "1024/021802", "correlationVector":"70nzmkZ37Y64VKdxPNzbIW","action":"Commit Request", "result":"", "context":Item count: 1
Contributing types: Sessions}
{"logTime": "1024/021803", "correlationVector":"70nzmkZ37Y64VKdxPNzbIW.1","action":"SyncServerConnectionManagerRequest", "result":"SYNC_SERVER_OK", "context":{"environment":"Prod_southeastasia_prod-s01-065-apac-southeastasia", "migrationStage":"NotStarted", "server":"akswtt10500000q"}}
{"logTime": "1024/021803", "correlationVector":"70nzmkZ37Y64VKdxPNzbIW.3","action":"Commit.Sessions", "result":"Success", "context":{"id":"db431596-42ad-4aab-911a-c6240f31b80e", "isDeleted":"true", "size":"0", "version":"1761272050346"}}
{"logTime": "1024/021803", "correlationVector":"70nzmkZ37Y64VKdxPNzbIW.2","action":"Commit Response", "result":"Success", "context":Result: Success. cV=70nzmkZ37Y64VKdxPNzbIW.0;server=akswtt10500000q;cloudType=Consumer;environment=Prod_southeastasia_prod-s01-065-apac-southeastasia;migrationStage=NotStarted}
